<?xml version="1.0" encoding="UTF-8"?>
<!-- Generated by org.testng.reporters.JUnitReportReporter -->
<testsuite hostname="DESKTOP-N2CIL4O" failures="0" tests="1" name="apiTests.PetStoreAPI_Tests" time="2.283" errors="0" timestamp="2022-02-21T17:53:29 CST" skipped="0">
  <testcase classname="apiTests.PetStoreAPI_Tests" name="getPetByID" time="2.283"/>
  <system-out/>
</testsuite> <!-- apiTests.PetStoreAPI_Tests -->
