<?xml version="1.0" encoding="UTF-8"?>
<!-- Generated by org.testng.reporters.JUnitReportReporter -->
<testsuite hostname="DESKTOP-N2CIL4O" failures="0" tests="1" name="step_definition.NewTest" time="1.372" errors="0" timestamp="2022-03-22T23:11:43 CDT" skipped="0">
  <testcase classname="step_definition.NewTest" name="GetRequest" time="1.372"/>
  <system-out/>
</testsuite> <!-- step_definition.NewTest -->
