<?xml version="1.0" encoding="UTF-8"?>
<!-- Generated by org.testng.reporters.JUnitReportReporter -->
<testsuite hostname="DESKTOP-N2CIL4O" failures="0" tests="1" name="apiTests.Test_API" time="3.342" errors="0" timestamp="2022-03-25T21:00:02 CDT" skipped="0">
  <testcase classname="apiTests.Test_API" name="getRequest" time="3.342"/>
  <system-out/>
</testsuite> <!-- apiTests.Test_API -->
